[2025-06-09 16:36:26] local.INFO: here  
[2025-06-09 16:37:29] local.INFO:  $home->imageHeroSectionName ["0UpGeK0AKKxzkNowlKWxW2icNlwk7L6IAOxZNE9H.jpg"] 
[2025-06-09 16:39:02] local.INFO:  $home->imageHeroSectionName ["0UpGeK0AKKxzkNowlKWxW2icNlwk7L6IAOxZNE9H.jpg"] 
[2025-06-09 18:29:41] local.ERROR: Undefined variable $aboutUs {"view":{"view":"/Users/sasho/Sites/nomad-partners-Greece/resources/views/NetworkPersonnel/index.blade.php","data":{"errors":"<pre class=sf-dump id=sf-dump-156660061 data-indent-pad=\"  \"><span class=sf-dump-note>Illuminate\\Support\\ViewErrorBag</span> {<a class=sf-dump-ref>#266</a><samp data-depth=1 class=sf-dump-expanded>
  #<span class=sf-dump-protected title=\"Protected property\">bags</span>: []
</samp>}
</pre><script>Sfdump(\"sf-dump-156660061\", {\"maxDepth\":3,\"maxStringLength\":160})</script>
","network":"<pre class=sf-dump id=sf-dump-1287105560 data-indent-pad=\"  \"><span class=sf-dump-note>App\\Models\\NetworkPersonnel</span> {<a class=sf-dump-ref>#1262</a><samp data-depth=1 class=sf-dump-expanded>
  #<span class=sf-dump-protected title=\"Protected property\">connection</span>: \"<span class=sf-dump-str title=\"5 characters\">mysql</span>\"
  #<span class=sf-dump-protected title=\"Protected property\">table</span>: \"<span class=sf-dump-str title=\"18 characters\">network_personnels</span>\"
  #<span class=sf-dump-protected title=\"Protected property\">primaryKey</span>: \"<span class=sf-dump-str title=\"2 characters\">id</span>\"
  #<span class=sf-dump-protected title=\"Protected property\">keyType</span>: \"<span class=sf-dump-str title=\"3 characters\">int</span>\"
  +<span class=sf-dump-public title=\"Public property\">incrementing</span>: <span class=sf-dump-const>true</span>
  #<span class=sf-dump-protected title=\"Protected property\">with</span>: []
  #<span class=sf-dump-protected title=\"Protected property\">withCount</span>: []
  +<span class=sf-dump-public title=\"Public property\">preventsLazyLoading</span>: <span class=sf-dump-const>false</span>
  #<span class=sf-dump-protected title=\"Protected property\">perPage</span>: <span class=sf-dump-num>15</span>
  +<span class=sf-dump-public title=\"Public property\">exists</span>: <span class=sf-dump-const>true</span>
  +<span class=sf-dump-public title=\"Public property\">wasRecentlyCreated</span>: <span class=sf-dump-const>false</span>
  #<span class=sf-dump-protected title=\"Protected property\">escapeWhenCastingToString</span>: <span class=sf-dump-const>false</span>
  #<span class=sf-dump-protected title=\"Protected property\">attributes</span>: <span class=sf-dump-note>array:13</span> [<samp data-depth=2 class=sf-dump-compact>
    \"<span class=sf-dump-key>id</span>\" => <span class=sf-dump-num>1</span>
    \"<span class=sf-dump-key>title</span>\" => \"<span class=sf-dump-str title=\"39 characters\">&#917;&#954;&#964;&#949;&#964;&#945;&#956;&#941;&#957;&#959; &#916;&#943;&#954;&#964;&#965;&#959; &#933;&#960;&#959;&#968;&#951;&#966;&#943;&#969;&#957; &#949;&#961;&#947;&#945;&#950;&#959;&#956;&#941;&#957;&#969;&#957;</span>\"
    \"<span class=sf-dump-key>description</span>\" => \"<span class=sf-dump-str title=\"303 characters\">&#932;&#959; &#948;&#943;&#954;&#964;&#965;&#972; &#956;&#945;&#962; &#954;&#940;&#957;&#949;&#953; &#964;&#951;&#957; &#949;&#973;&#961;&#949;&#963;&#951; &#949;&#961;&#947;&#945;&#950;&#959;&#956;&#941;&#957;&#969;&#957; &#960;&#953;&#959; &#945;&#960;&#955;&#942; &#954;&#945;&#953; &#945;&#960;&#959;&#964;&#949;&#955;&#949;&#963;&#956;&#945;&#964;&#953;&#954;&#942;. &#922;&#940;&#952;&#949; &#965;&#960;&#959;&#968;&#942;&#966;&#953;&#959;&#962; &#949;&#943;&#957;&#945;&#953; &#960;&#955;&#942;&#961;&#969;&#962; &#949;&#957;&#951;&#956;&#949;&#961;&#969;&#956;&#941;&#957;&#959;&#962; &#947;&#953;&#945; &#964;&#953;&#962; &#945;&#960;&#945;&#953;&#964;&#942;&#963;&#949;&#953;&#962; &#964;&#951;&#962; &#949;&#955;&#955;&#951;&#957;&#953;&#954;&#942;&#962; &#945;&#947;&#959;&#961;&#940;&#962;. &#924;&#949; &#964;&#951;&#957; &#965;&#960;&#959;&#963;&#964;&#942;&#961;&#953;&#958;&#951; &#964;&#969;&#957; &#964;&#959;&#960;&#953;&#954;&#974;&#957; &#956;&#945;&#962; &#949;&#953;&#948;&#953;&#954;&#974;&#957;, &#960;&#961;&#959;&#963;&#966;&#941;&#961;&#959;&#965;&#956;&#949; &#945;&#958;&#953;&#972;&#960;&#953;&#963;&#964;&#949;&#962; &#955;&#973;&#963;&#949;&#953;&#962; &#960;&#961;&#972;&#963;&#955;&#951;&#968;&#951;&#962; &#954;&#945;&#953; &#959;&#956;&#945;&#955;&#942;&#962; &#941;&#957;&#964;&#945;&#958;&#951;&#962; &#960;&#959;&#965; &#963;&#964;&#951;&#961;&#943;&#950;&#959;&#965;&#957; &#964;&#951;&#957; &#945;&#957;&#940;&#960;&#964;&#965;&#958;&#951; &#964;&#951;&#962; &#949;&#960;&#953;&#967;&#949;&#943;&#961;&#951;&#963;&#942;&#962; &#963;&#945;&#962;.</span>\"
    \"<span class=sf-dump-key>subtitle</span>\" => \"<span class=sf-dump-str title=\"87 characters\">&#913;&#960;&#959;&#954;&#964;&#942;&#963;&#964;&#949; &#960;&#961;&#972;&#963;&#946;&#945;&#963;&#951; &#963;&#949; &#960;&#945;&#947;&#954;&#972;&#963;&#956;&#953;&#959; &#964;&#945;&#955;&#941;&#957;&#964;&#959; &#954;&#945;&#953; &#949;&#957;&#953;&#963;&#967;&#973;&#963;&#964;&#949; &#964;&#951;&#957; &#949;&#960;&#953;&#964;&#965;&#967;&#943;&#945; &#964;&#951;&#962; &#949;&#960;&#953;&#967;&#949;&#943;&#961;&#951;&#963;&#942;&#962; &#963;&#945;&#962;.</span>\"
    \"<span class=sf-dump-key>image</span>\" => \"<span class=sf-dump-str title=\"2 characters\">ss</span>\"
    \"<span class=sf-dump-key>testimonial_title</span>\" => \"<span class=sf-dump-str title=\"28 characters\">&#917;&#954;&#964;&#949;&#964;&#945;&#956;&#941;&#957;&#959; &#916;&#943;&#954;&#964;&#965;&#959; &#931;&#965;&#957;&#949;&#961;&#947;&#945;&#964;&#974;&#957;</span>\"
    \"<span class=sf-dump-key>testimonial_description</span>\" => \"\"\"
      <span class=sf-dump-str title=\"546 characters\">&lt;div&gt;                   &lt;p&gt;&#916;&#953;&#945;&#952;&#941;&#964;&#959;&#965;&#956;&#949; &#941;&#957;&#945; &#949;&#965;&#961;&#973; &#948;&#943;&#954;&#964;&#965;&#959; &#947;&#961;&#945;&#966;&#949;&#943;&#969;&#957; &#963;&#949; &#963;&#964;&#961;&#945;&#964;&#951;&#947;&#953;&#954;&#941;&#962; &#960;&#949;&#961;&#953;&#959;&#967;&#941;&#962; &#949;&#954;&#964;&#972;&#962; &#917;&#917;, &#960;&#959;&#965; &#956;&#945;&#962; &#949;&#960;&#953;&#964;&#961;&#941;&#960;&#949;&#953; &#957;&#945; &#946;&#961;&#943;&#963;&#954;&#959;&#965;&#956;&#949; &#949;&#958;&#949;&#953;&#948;&#953;&#954;&#949;&#965;&#956;&#941;&#957;&#959; &#960;&#961;&#959;&#963;&#969;&#960;&#953;&#954;&#972; &#945;&#960;&#972; &#948;&#953;&#940;&#966;&#959;&#961;&#949;&#962; &#951;&#960;&#949;&#943;&#961;&#959;&#965;&#962;. &#927;&#953; &#964;&#959;&#960;&#953;&#954;&#959;&#943; &#956;&#945;&#962; &#963;&#965;&#957;&#949;&#961;&#947;&#940;&#964;&#949;&#962; &#947;&#957;&#969;&#961;&#943;&#950;&#959;&#965;&#957; &#964;&#959; &#957;&#959;&#956;&#953;&#954;&#972; &#960;&#955;&#945;&#943;&#963;&#953;&#959; &#954;&#945;&#953; &#964;&#953;&#962; &#948;&#953;&#945;&#948;&#953;&#954;&#945;&#963;&#943;&#949;&#962; &#960;&#961;&#972;&#963;&#955;&#951;&#968;&#951;&#962; &#963;&#964;&#951;&#957; &#917;&#955;&#955;&#940;&#948;&#945;. &#917;&#960;&#953;&#955;&#941;&#947;&#959;&#965;&#956;&#949; &#965;&#960;&#959;&#968;&#942;&#966;&#953;&#959;&#965;&#962; &#956;&#949; &#945;&#954;&#961;&#943;&#946;&#949;&#953;&#945;, &#949;&#958;&#945;&#963;&#966;&#945;&#955;&#943;&#950;&#959;&#957;&#964;&#945;&#962; &#972;&#964;&#953; &#949;&#943;&#957;&#945;&#953; &#954;&#945;&#964;&#940;&#955;&#955;&#951;&#955;&#945; &#960;&#961;&#959;&#949;&#964;&#959;&#953;&#956;&#945;&#963;&#956;&#941;&#957;&#959;&#953; &#947;&#953;&#945; &#964;&#951;&#957; &#949;&#961;&#947;&#945;&#963;&#943;&#945; &#964;&#959;&#965;&#962;. &#924;&#949; &#964;&#953;&#962; &#965;&#960;&#951;&#961;&#949;&#963;&#943;&#949;&#962; &#956;&#945;&#962;, &#945;&#960;&#959;&#954;&#964;&#940;&#964;&#949; &#960;&#961;&#959;&#963;&#969;&#960;&#953;&#954;&#972; &#960;&#959;&#965; &#945;&#957;&#964;&#945;&#960;&#959;&#954;&#961;&#943;&#957;&#949;&#964;&#945;&#953; &#960;&#955;&#942;&#961;&#969;&#962; &#963;&#964;&#953;&#962; &#945;&#957;&#940;&#947;&#954;&#949;&#962; &#963;&#945;&#962; &#954;&#945;&#953; &#949;&#957;&#953;&#963;&#967;&#973;&#949;&#953; &#964;&#951;&#957; &#945;&#957;&#940;&#960;&#964;&#965;&#958;&#951; &#964;&#951;&#962; &#949;&#960;&#953;&#967;&#949;&#943;&#961;&#951;&#963;&#942;&#962; &#963;&#945;&#962;.<span class=\"sf-dump-default sf-dump-ns\">\\n</span></span>
      <span class=sf-dump-str title=\"546 characters\">&lt;/p&gt;<span class=\"sf-dump-default sf-dump-ns\">\\n</span></span>
      <span class=sf-dump-str title=\"546 characters\">                        &lt;/div&gt;</span>
      \"\"\"
    \"<span class=sf-dump-key>carts_title</span>\" => \"<span class=sf-dump-str title=\"35 characters\">&#932;&#959; &#949;&#954;&#964;&#949;&#964;&#945;&#956;&#941;&#957;&#959; &#948;&#943;&#954;&#964;&#965;&#959; &#960;&#961;&#959;&#963;&#969;&#960;&#953;&#954;&#959;&#973; &#956;&#945;&#962;</span>\"
    \"<span class=sf-dump-key>button_text</span>\" => \"<span class=sf-dump-str title=\"5 characters\">&#922;&#955;&#942;&#963;&#951;</span>\"
    \"<span class=sf-dump-key>button_link</span>\" => \"<span class=sf-dump-str title=\"8 characters\">/contact</span>\"
    \"<span class=sf-dump-key>created_at</span>\" => <span class=sf-dump-const>null</span>
    \"<span class=sf-dump-key>updated_at</span>\" => <span class=sf-dump-const>null</span>
    \"<span class=sf-dump-key>language_id</span>\" => <span class=sf-dump-num>2</span>
  </samp>]
  #<span class=sf-dump-protected title=\"Protected property\">original</span>: <span class=sf-dump-note>array:13</span> [<samp data-depth=2 class=sf-dump-compact>
    \"<span class=sf-dump-key>id</span>\" => <span class=sf-dump-num>1</span>
    \"<span class=sf-dump-key>title</span>\" => \"<span class=sf-dump-str title=\"39 characters\">&#917;&#954;&#964;&#949;&#964;&#945;&#956;&#941;&#957;&#959; &#916;&#943;&#954;&#964;&#965;&#959; &#933;&#960;&#959;&#968;&#951;&#966;&#943;&#969;&#957; &#949;&#961;&#947;&#945;&#950;&#959;&#956;&#941;&#957;&#969;&#957;</span>\"
    \"<span class=sf-dump-key>description</span>\" => \"<span class=sf-dump-str title=\"303 characters\">&#932;&#959; &#948;&#943;&#954;&#964;&#965;&#972; &#956;&#945;&#962; &#954;&#940;&#957;&#949;&#953; &#964;&#951;&#957; &#949;&#973;&#961;&#949;&#963;&#951; &#949;&#961;&#947;&#945;&#950;&#959;&#956;&#941;&#957;&#969;&#957; &#960;&#953;&#959; &#945;&#960;&#955;&#942; &#954;&#945;&#953; &#945;&#960;&#959;&#964;&#949;&#955;&#949;&#963;&#956;&#945;&#964;&#953;&#954;&#942;. &#922;&#940;&#952;&#949; &#965;&#960;&#959;&#968;&#942;&#966;&#953;&#959;&#962; &#949;&#943;&#957;&#945;&#953; &#960;&#955;&#942;&#961;&#969;&#962; &#949;&#957;&#951;&#956;&#949;&#961;&#969;&#956;&#941;&#957;&#959;&#962; &#947;&#953;&#945; &#964;&#953;&#962; &#945;&#960;&#945;&#953;&#964;&#942;&#963;&#949;&#953;&#962; &#964;&#951;&#962; &#949;&#955;&#955;&#951;&#957;&#953;&#954;&#942;&#962; &#945;&#947;&#959;&#961;&#940;&#962;. &#924;&#949; &#964;&#951;&#957; &#965;&#960;&#959;&#963;&#964;&#942;&#961;&#953;&#958;&#951; &#964;&#969;&#957; &#964;&#959;&#960;&#953;&#954;&#974;&#957; &#956;&#945;&#962; &#949;&#953;&#948;&#953;&#954;&#974;&#957;, &#960;&#961;&#959;&#963;&#966;&#941;&#961;&#959;&#965;&#956;&#949; &#945;&#958;&#953;&#972;&#960;&#953;&#963;&#964;&#949;&#962; &#955;&#973;&#963;&#949;&#953;&#962; &#960;&#961;&#972;&#963;&#955;&#951;&#968;&#951;&#962; &#954;&#945;&#953; &#959;&#956;&#945;&#955;&#942;&#962; &#941;&#957;&#964;&#945;&#958;&#951;&#962; &#960;&#959;&#965; &#963;&#964;&#951;&#961;&#943;&#950;&#959;&#965;&#957; &#964;&#951;&#957; &#945;&#957;&#940;&#960;&#964;&#965;&#958;&#951; &#964;&#951;&#962; &#949;&#960;&#953;&#967;&#949;&#943;&#961;&#951;&#963;&#942;&#962; &#963;&#945;&#962;.</span>\"
    \"<span class=sf-dump-key>subtitle</span>\" => \"<span class=sf-dump-str title=\"87 characters\">&#913;&#960;&#959;&#954;&#964;&#942;&#963;&#964;&#949; &#960;&#961;&#972;&#963;&#946;&#945;&#963;&#951; &#963;&#949; &#960;&#945;&#947;&#954;&#972;&#963;&#956;&#953;&#959; &#964;&#945;&#955;&#941;&#957;&#964;&#959; &#954;&#945;&#953; &#949;&#957;&#953;&#963;&#967;&#973;&#963;&#964;&#949; &#964;&#951;&#957; &#949;&#960;&#953;&#964;&#965;&#967;&#943;&#945; &#964;&#951;&#962; &#949;&#960;&#953;&#967;&#949;&#943;&#961;&#951;&#963;&#942;&#962; &#963;&#945;&#962;.</span>\"
    \"<span class=sf-dump-key>image</span>\" => \"<span class=sf-dump-str title=\"2 characters\">ss</span>\"
    \"<span class=sf-dump-key>testimonial_title</span>\" => \"<span class=sf-dump-str title=\"28 characters\">&#917;&#954;&#964;&#949;&#964;&#945;&#956;&#941;&#957;&#959; &#916;&#943;&#954;&#964;&#965;&#959; &#931;&#965;&#957;&#949;&#961;&#947;&#945;&#964;&#974;&#957;</span>\"
    \"<span class=sf-dump-key>testimonial_description</span>\" => \"\"\"
      <span class=sf-dump-str title=\"546 characters\">&lt;div&gt;                   &lt;p&gt;&#916;&#953;&#945;&#952;&#941;&#964;&#959;&#965;&#956;&#949; &#941;&#957;&#945; &#949;&#965;&#961;&#973; &#948;&#943;&#954;&#964;&#965;&#959; &#947;&#961;&#945;&#966;&#949;&#943;&#969;&#957; &#963;&#949; &#963;&#964;&#961;&#945;&#964;&#951;&#947;&#953;&#954;&#941;&#962; &#960;&#949;&#961;&#953;&#959;&#967;&#941;&#962; &#949;&#954;&#964;&#972;&#962; &#917;&#917;, &#960;&#959;&#965; &#956;&#945;&#962; &#949;&#960;&#953;&#964;&#961;&#941;&#960;&#949;&#953; &#957;&#945; &#946;&#961;&#943;&#963;&#954;&#959;&#965;&#956;&#949; &#949;&#958;&#949;&#953;&#948;&#953;&#954;&#949;&#965;&#956;&#941;&#957;&#959; &#960;&#961;&#959;&#963;&#969;&#960;&#953;&#954;&#972; &#945;&#960;&#972; &#948;&#953;&#940;&#966;&#959;&#961;&#949;&#962; &#951;&#960;&#949;&#943;&#961;&#959;&#965;&#962;. &#927;&#953; &#964;&#959;&#960;&#953;&#954;&#959;&#943; &#956;&#945;&#962; &#963;&#965;&#957;&#949;&#961;&#947;&#940;&#964;&#949;&#962; &#947;&#957;&#969;&#961;&#943;&#950;&#959;&#965;&#957; &#964;&#959; &#957;&#959;&#956;&#953;&#954;&#972; &#960;&#955;&#945;&#943;&#963;&#953;&#959; &#954;&#945;&#953; &#964;&#953;&#962; &#948;&#953;&#945;&#948;&#953;&#954;&#945;&#963;&#943;&#949;&#962; &#960;&#961;&#972;&#963;&#955;&#951;&#968;&#951;&#962; &#963;&#964;&#951;&#957; &#917;&#955;&#955;&#940;&#948;&#945;. &#917;&#960;&#953;&#955;&#941;&#947;&#959;&#965;&#956;&#949; &#965;&#960;&#959;&#968;&#942;&#966;&#953;&#959;&#965;&#962; &#956;&#949; &#945;&#954;&#961;&#943;&#946;&#949;&#953;&#945;, &#949;&#958;&#945;&#963;&#966;&#945;&#955;&#943;&#950;&#959;&#957;&#964;&#945;&#962; &#972;&#964;&#953; &#949;&#943;&#957;&#945;&#953; &#954;&#945;&#964;&#940;&#955;&#955;&#951;&#955;&#945; &#960;&#961;&#959;&#949;&#964;&#959;&#953;&#956;&#945;&#963;&#956;&#941;&#957;&#959;&#953; &#947;&#953;&#945; &#964;&#951;&#957; &#949;&#961;&#947;&#945;&#963;&#943;&#945; &#964;&#959;&#965;&#962;. &#924;&#949; &#964;&#953;&#962; &#965;&#960;&#951;&#961;&#949;&#963;&#943;&#949;&#962; &#956;&#945;&#962;, &#945;&#960;&#959;&#954;&#964;&#940;&#964;&#949; &#960;&#961;&#959;&#963;&#969;&#960;&#953;&#954;&#972; &#960;&#959;&#965; &#945;&#957;&#964;&#945;&#960;&#959;&#954;&#961;&#943;&#957;&#949;&#964;&#945;&#953; &#960;&#955;&#942;&#961;&#969;&#962; &#963;&#964;&#953;&#962; &#945;&#957;&#940;&#947;&#954;&#949;&#962; &#963;&#945;&#962; &#954;&#945;&#953; &#949;&#957;&#953;&#963;&#967;&#973;&#949;&#953; &#964;&#951;&#957; &#945;&#957;&#940;&#960;&#964;&#965;&#958;&#951; &#964;&#951;&#962; &#949;&#960;&#953;&#967;&#949;&#943;&#961;&#951;&#963;&#942;&#962; &#963;&#945;&#962;.<span class=\"sf-dump-default sf-dump-ns\">\\n</span></span>
      <span class=sf-dump-str title=\"546 characters\">&lt;/p&gt;<span class=\"sf-dump-default sf-dump-ns\">\\n</span></span>
      <span class=sf-dump-str title=\"546 characters\">                        &lt;/div&gt;</span>
      \"\"\"
    \"<span class=sf-dump-key>carts_title</span>\" => \"<span class=sf-dump-str title=\"35 characters\">&#932;&#959; &#949;&#954;&#964;&#949;&#964;&#945;&#956;&#941;&#957;&#959; &#948;&#943;&#954;&#964;&#965;&#959; &#960;&#961;&#959;&#963;&#969;&#960;&#953;&#954;&#959;&#973; &#956;&#945;&#962;</span>\"
    \"<span class=sf-dump-key>button_text</span>\" => \"<span class=sf-dump-str title=\"5 characters\">&#922;&#955;&#942;&#963;&#951;</span>\"
    \"<span class=sf-dump-key>button_link</span>\" => \"<span class=sf-dump-str title=\"8 characters\">/contact</span>\"
    \"<span class=sf-dump-key>created_at</span>\" => <span class=sf-dump-const>null</span>
    \"<span class=sf-dump-key>updated_at</span>\" => <span class=sf-dump-const>null</span>
    \"<span class=sf-dump-key>language_id</span>\" => <span class=sf-dump-num>2</span>
  </samp>]
  #<span class=sf-dump-protected title=\"Protected property\">changes</span>: []
  #<span class=sf-dump-protected title=\"Protected property\">casts</span>: []
  #<span class=sf-dump-protected title=\"Protected property\">classCastCache</span>: []
  #<span class=sf-dump-protected title=\"Protected property\">attributeCastCache</span>: []
  #<span class=sf-dump-protected title=\"Protected property\">dateFormat</span>: <span class=sf-dump-const>null</span>
  #<span class=sf-dump-protected title=\"Protected property\">appends</span>: []
  #<span class=sf-dump-protected title=\"Protected property\">dispatchesEvents</span>: []
  #<span class=sf-dump-protected title=\"Protected property\">observables</span>: []
  #<span class=sf-dump-protected title=\"Protected property\">relations</span>: []
  #<span class=sf-dump-protected title=\"Protected property\">touches</span>: []
  +<span class=sf-dump-public title=\"Public property\">timestamps</span>: <span class=sf-dump-const>true</span>
  +<span class=sf-dump-public title=\"Public property\">usesUniqueIds</span>: <span class=sf-dump-const>false</span>
  #<span class=sf-dump-protected title=\"Protected property\">hidden</span>: []
  #<span class=sf-dump-protected title=\"Protected property\">visible</span>: []
  #<span class=sf-dump-protected title=\"Protected property\">fillable</span>: []
  #<span class=sf-dump-protected title=\"Protected property\">guarded</span>: <span class=sf-dump-note>array:1</span> [<samp data-depth=2 class=sf-dump-compact>
    <span class=sf-dump-index>0</span> => \"<span class=sf-dump-str>*</span>\"
  </samp>]
</samp>}
</pre><script>Sfdump(\"sf-dump-1287105560\", {\"maxDepth\":3,\"maxStringLength\":160})</script>
","carts":"<pre class=sf-dump id=sf-dump-1023238875 data-indent-pad=\"  \"><span class=sf-dump-note>Illuminate\\Database\\Eloquent\\Collection</span> {<a class=sf-dump-ref>#1266</a><samp data-depth=1 class=sf-dump-expanded>
  #<span class=sf-dump-protected title=\"Protected property\">items</span>: <span class=sf-dump-note>array:4</span> [<samp data-depth=2 class=sf-dump-compact>
    <span class=sf-dump-index>0</span> => <span class=sf-dump-note title=\"App\\Models\\CartsNetworkPersonnel
\"><span class=\"sf-dump-ellipsis sf-dump-ellipsis-note\">App\\Models</span><span class=\"sf-dump-ellipsis sf-dump-ellipsis-note\">\\</span>CartsNetworkPersonnel</span> {<a class=sf-dump-ref>#1268</a><samp data-depth=3 class=sf-dump-compact>
      #<span class=sf-dump-protected title=\"Protected property\">connection</span>: \"<span class=sf-dump-str title=\"5 characters\">mysql</span>\"
      #<span class=sf-dump-protected title=\"Protected property\">table</span>: \"<span class=sf-dump-str title=\"24 characters\">carts_network_personnels</span>\"
      #<span class=sf-dump-protected title=\"Protected property\">primaryKey</span>: \"<span class=sf-dump-str title=\"2 characters\">id</span>\"
      #<span class=sf-dump-protected title=\"Protected property\">keyType</span>: \"<span class=sf-dump-str title=\"3 characters\">int</span>\"
      +<span class=sf-dump-public title=\"Public property\">incrementing</span>: <span class=sf-dump-const>true</span>
      #<span class=sf-dump-protected title=\"Protected property\">with</span>: []
      #<span class=sf-dump-protected title=\"Protected property\">withCount</span>: []
      +<span class=sf-dump-public title=\"Public property\">preventsLazyLoading</span>: <span class=sf-dump-const>false</span>
      #<span class=sf-dump-protected title=\"Protected property\">perPage</span>: <span class=sf-dump-num>15</span>
      +<span class=sf-dump-public title=\"Public property\">exists</span>: <span class=sf-dump-const>true</span>
      +<span class=sf-dump-public title=\"Public property\">wasRecentlyCreated</span>: <span class=sf-dump-const>false</span>
      #<span class=sf-dump-protected title=\"Protected property\">escapeWhenCastingToString</span>: <span class=sf-dump-const>false</span>
      #<span class=sf-dump-protected title=\"Protected property\">attributes</span>: <span class=sf-dump-note>array:7</span> [ &#8230;7]
      #<span class=sf-dump-protected title=\"Protected property\">original</span>: <span class=sf-dump-note>array:7</span> [ &#8230;7]
      #<span class=sf-dump-protected title=\"Protected property\">changes</span>: []
      #<span class=sf-dump-protected title=\"Protected property\">casts</span>: []
      #<span class=sf-dump-protected title=\"Protected property\">classCastCache</span>: []
      #<span class=sf-dump-protected title=\"Protected property\">attributeCastCache</span>: []
      #<span class=sf-dump-protected title=\"Protected property\">dateFormat</span>: <span class=sf-dump-const>null</span>
      #<span class=sf-dump-protected title=\"Protected property\">appends</span>: []
      #<span class=sf-dump-protected title=\"Protected property\">dispatchesEvents</span>: []
      #<span class=sf-dump-protected title=\"Protected property\">observables</span>: []
      #<span class=sf-dump-protected title=\"Protected property\">relations</span>: []
      #<span class=sf-dump-protected title=\"Protected property\">touches</span>: []
      +<span class=sf-dump-public title=\"Public property\">timestamps</span>: <span class=sf-dump-const>true</span>
      +<span class=sf-dump-public title=\"Public property\">usesUniqueIds</span>: <span class=sf-dump-const>false</span>
      #<span class=sf-dump-protected title=\"Protected property\">hidden</span>: []
      #<span class=sf-dump-protected title=\"Protected property\">visible</span>: []
      #<span class=sf-dump-protected title=\"Protected property\">fillable</span>: []
      #<span class=sf-dump-protected title=\"Protected property\">guarded</span>: <span class=sf-dump-note>array:1</span> [ &#8230;1]
    </samp>}
    <span class=sf-dump-index>1</span> => <span class=sf-dump-note title=\"App\\Models\\CartsNetworkPersonnel
\"><span class=\"sf-dump-ellipsis sf-dump-ellipsis-note\">App\\Models</span><span class=\"sf-dump-ellipsis sf-dump-ellipsis-note\">\\</span>CartsNetworkPersonnel</span> {<a class=sf-dump-ref>#1269</a><samp data-depth=3 class=sf-dump-compact>
      #<span class=sf-dump-protected title=\"Protected property\">connection</span>: \"<span class=sf-dump-str title=\"5 characters\">mysql</span>\"
      #<span class=sf-dump-protected title=\"Protected property\">table</span>: \"<span class=sf-dump-str title=\"24 characters\">carts_network_personnels</span>\"
      #<span class=sf-dump-protected title=\"Protected property\">primaryKey</span>: \"<span class=sf-dump-str title=\"2 characters\">id</span>\"
      #<span class=sf-dump-protected title=\"Protected property\">keyType</span>: \"<span class=sf-dump-str title=\"3 characters\">int</span>\"
      +<span class=sf-dump-public title=\"Public property\">incrementing</span>: <span class=sf-dump-const>true</span>
      #<span class=sf-dump-protected title=\"Protected property\">with</span>: []
      #<span class=sf-dump-protected title=\"Protected property\">withCount</span>: []
      +<span class=sf-dump-public title=\"Public property\">preventsLazyLoading</span>: <span class=sf-dump-const>false</span>
      #<span class=sf-dump-protected title=\"Protected property\">perPage</span>: <span class=sf-dump-num>15</span>
      +<span class=sf-dump-public title=\"Public property\">exists</span>: <span class=sf-dump-const>true</span>
      +<span class=sf-dump-public title=\"Public property\">wasRecentlyCreated</span>: <span class=sf-dump-const>false</span>
      #<span class=sf-dump-protected title=\"Protected property\">escapeWhenCastingToString</span>: <span class=sf-dump-const>false</span>
      #<span class=sf-dump-protected title=\"Protected property\">attributes</span>: <span class=sf-dump-note>array:7</span> [ &#8230;7]
      #<span class=sf-dump-protected title=\"Protected property\">original</span>: <span class=sf-dump-note>array:7</span> [ &#8230;7]
      #<span class=sf-dump-protected title=\"Protected property\">changes</span>: []
      #<span class=sf-dump-protected title=\"Protected property\">casts</span>: []
      #<span class=sf-dump-protected title=\"Protected property\">classCastCache</span>: []
      #<span class=sf-dump-protected title=\"Protected property\">attributeCastCache</span>: []
      #<span class=sf-dump-protected title=\"Protected property\">dateFormat</span>: <span class=sf-dump-const>null</span>
      #<span class=sf-dump-protected title=\"Protected property\">appends</span>: []
      #<span class=sf-dump-protected title=\"Protected property\">dispatchesEvents</span>: []
      #<span class=sf-dump-protected title=\"Protected property\">observables</span>: []
      #<span class=sf-dump-protected title=\"Protected property\">relations</span>: []
      #<span class=sf-dump-protected title=\"Protected property\">touches</span>: []
      +<span class=sf-dump-public title=\"Public property\">timestamps</span>: <span class=sf-dump-const>true</span>
      +<span class=sf-dump-public title=\"Public property\">usesUniqueIds</span>: <span class=sf-dump-const>false</span>
      #<span class=sf-dump-protected title=\"Protected property\">hidden</span>: []
      #<span class=sf-dump-protected title=\"Protected property\">visible</span>: []
      #<span class=sf-dump-protected title=\"Protected property\">fillable</span>: []
      #<span class=sf-dump-protected title=\"Protected property\">guarded</span>: <span class=sf-dump-note>array:1</span> [ &#8230;1]
    </samp>}
    <span class=sf-dump-index>2</span> => <span class=sf-dump-note title=\"App\\Models\\CartsNetworkPersonnel
\"><span class=\"sf-dump-ellipsis sf-dump-ellipsis-note\">App\\Models</span><span class=\"sf-dump-ellipsis sf-dump-ellipsis-note\">\\</span>CartsNetworkPersonnel</span> {<a class=sf-dump-ref>#1270</a><samp data-depth=3 class=sf-dump-compact>
      #<span class=sf-dump-protected title=\"Protected property\">connection</span>: \"<span class=sf-dump-str title=\"5 characters\">mysql</span>\"
      #<span class=sf-dump-protected title=\"Protected property\">table</span>: \"<span class=sf-dump-str title=\"24 characters\">carts_network_personnels</span>\"
      #<span class=sf-dump-protected title=\"Protected property\">primaryKey</span>: \"<span class=sf-dump-str title=\"2 characters\">id</span>\"
      #<span class=sf-dump-protected title=\"Protected property\">keyType</span>: \"<span class=sf-dump-str title=\"3 characters\">int</span>\"
      +<span class=sf-dump-public title=\"Public property\">incrementing</span>: <span class=sf-dump-const>true</span>
      #<span class=sf-dump-protected title=\"Protected property\">with</span>: []
      #<span class=sf-dump-protected title=\"Protected property\">withCount</span>: []
      +<span class=sf-dump-public title=\"Public property\">preventsLazyLoading</span>: <span class=sf-dump-const>false</span>
      #<span class=sf-dump-protected title=\"Protected property\">perPage</span>: <span class=sf-dump-num>15</span>
      +<span class=sf-dump-public title=\"Public property\">exists</span>: <span class=sf-dump-const>true</span>
      +<span class=sf-dump-public title=\"Public property\">wasRecentlyCreated</span>: <span class=sf-dump-const>false</span>
      #<span class=sf-dump-protected title=\"Protected property\">escapeWhenCastingToString</span>: <span class=sf-dump-const>false</span>
      #<span class=sf-dump-protected title=\"Protected property\">attributes</span>: <span class=sf-dump-note>array:7</span> [ &#8230;7]
      #<span class=sf-dump-protected title=\"Protected property\">original</span>: <span class=sf-dump-note>array:7</span> [ &#8230;7]
      #<span class=sf-dump-protected title=\"Protected property\">changes</span>: []
      #<span class=sf-dump-protected title=\"Protected property\">casts</span>: []
      #<span class=sf-dump-protected title=\"Protected property\">classCastCache</span>: []
      #<span class=sf-dump-protected title=\"Protected property\">attributeCastCache</span>: []
      #<span class=sf-dump-protected title=\"Protected property\">dateFormat</span>: <span class=sf-dump-const>null</span>
      #<span class=sf-dump-protected title=\"Protected property\">appends</span>: []
      #<span class=sf-dump-protected title=\"Protected property\">dispatchesEvents</span>: []
      #<span class=sf-dump-protected title=\"Protected property\">observables</span>: []
      #<span class=sf-dump-protected title=\"Protected property\">relations</span>: []
      #<span class=sf-dump-protected title=\"Protected property\">touches</span>: []
      +<span class=sf-dump-public title=\"Public property\">timestamps</span>: <span class=sf-dump-const>true</span>
      +<span class=sf-dump-public title=\"Public property\">usesUniqueIds</span>: <span class=sf-dump-const>false</span>
      #<span class=sf-dump-protected title=\"Protected property\">hidden</span>: []
      #<span class=sf-dump-protected title=\"Protected property\">visible</span>: []
      #<span class=sf-dump-protected title=\"Protected property\">fillable</span>: []
      #<span class=sf-dump-protected title=\"Protected property\">guarded</span>: <span class=sf-dump-note>array:1</span> [ &#8230;1]
    </samp>}
    <span class=sf-dump-index>3</span> => <span class=sf-dump-note title=\"App\\Models\\CartsNetworkPersonnel
\"><span class=\"sf-dump-ellipsis sf-dump-ellipsis-note\">App\\Models</span><span class=\"sf-dump-ellipsis sf-dump-ellipsis-note\">\\</span>CartsNetworkPersonnel</span> {<a class=sf-dump-ref>#1271</a><samp data-depth=3 class=sf-dump-compact>
      #<span class=sf-dump-protected title=\"Protected property\">connection</span>: \"<span class=sf-dump-str title=\"5 characters\">mysql</span>\"
      #<span class=sf-dump-protected title=\"Protected property\">table</span>: \"<span class=sf-dump-str title=\"24 characters\">carts_network_personnels</span>\"
      #<span class=sf-dump-protected title=\"Protected property\">primaryKey</span>: \"<span class=sf-dump-str title=\"2 characters\">id</span>\"
      #<span class=sf-dump-protected title=\"Protected property\">keyType</span>: \"<span class=sf-dump-str title=\"3 characters\">int</span>\"
      +<span class=sf-dump-public title=\"Public property\">incrementing</span>: <span class=sf-dump-const>true</span>
      #<span class=sf-dump-protected title=\"Protected property\">with</span>: []
      #<span class=sf-dump-protected title=\"Protected property\">withCount</span>: []
      +<span class=sf-dump-public title=\"Public property\">preventsLazyLoading</span>: <span class=sf-dump-const>false</span>
      #<span class=sf-dump-protected title=\"Protected property\">perPage</span>: <span class=sf-dump-num>15</span>
      +<span class=sf-dump-public title=\"Public property\">exists</span>: <span class=sf-dump-const>true</span>
      +<span class=sf-dump-public title=\"Public property\">wasRecentlyCreated</span>: <span class=sf-dump-const>false</span>
      #<span class=sf-dump-protected title=\"Protected property\">escapeWhenCastingToString</span>: <span class=sf-dump-const>false</span>
      #<span class=sf-dump-protected title=\"Protected property\">attributes</span>: <span class=sf-dump-note>array:7</span> [ &#8230;7]
      #<span class=sf-dump-protected title=\"Protected property\">original</span>: <span class=sf-dump-note>array:7</span> [ &#8230;7]
      #<span class=sf-dump-protected title=\"Protected property\">changes</span>: []
      #<span class=sf-dump-protected title=\"Protected property\">casts</span>: []
      #<span class=sf-dump-protected title=\"Protected property\">classCastCache</span>: []
      #<span class=sf-dump-protected title=\"Protected property\">attributeCastCache</span>: []
      #<span class=sf-dump-protected title=\"Protected property\">dateFormat</span>: <span class=sf-dump-const>null</span>
      #<span class=sf-dump-protected title=\"Protected property\">appends</span>: []
      #<span class=sf-dump-protected title=\"Protected property\">dispatchesEvents</span>: []
      #<span class=sf-dump-protected title=\"Protected property\">observables</span>: []
      #<span class=sf-dump-protected title=\"Protected property\">relations</span>: []
      #<span class=sf-dump-protected title=\"Protected property\">touches</span>: []
      +<span class=sf-dump-public title=\"Public property\">timestamps</span>: <span class=sf-dump-const>true</span>
      +<span class=sf-dump-public title=\"Public property\">usesUniqueIds</span>: <span class=sf-dump-const>false</span>
      #<span class=sf-dump-protected title=\"Protected property\">hidden</span>: []
      #<span class=sf-dump-protected title=\"Protected property\">visible</span>: []
      #<span class=sf-dump-protected title=\"Protected property\">fillable</span>: []
      #<span class=sf-dump-protected title=\"Protected property\">guarded</span>: <span class=sf-dump-note>array:1</span> [ &#8230;1]
    </samp>}
  </samp>]
  #<span class=sf-dump-protected title=\"Protected property\">escapeWhenCastingToString</span>: <span class=sf-dump-const>false</span>
</samp>}
</pre><script>Sfdump(\"sf-dump-1023238875\", {\"maxDepth\":3,\"maxStringLength\":160})</script>
"}},"userId":2,"exception":"[object] (Spatie\\LaravelIgnition\\Exceptions\\ViewException(code: 0): Undefined variable $aboutUs at /Users/sasho/Sites/nomad-partners-Greece/resources/views/NetworkPersonnel/index.blade.php:57)
[stacktrace]
#0 /Users/sasho/Sites/nomad-partners-Greece/vendor/laravel/framework/src/Illuminate/Filesystem/Filesystem.php(123): require('/Users/sasho/Si...')
#1 /Users/sasho/Sites/nomad-partners-Greece/vendor/laravel/framework/src/Illuminate/Filesystem/Filesystem.php(124): Illuminate\\Filesystem\\Filesystem::Illuminate\\Filesystem\\{closure}()
#2 /Users/sasho/Sites/nomad-partners-Greece/vendor/laravel/framework/src/Illuminate/View/Engines/PhpEngine.php(58): Illuminate\\Filesystem\\Filesystem->getRequire('/Users/sasho/Si...', Array)
#3 /Users/sasho/Sites/nomad-partners-Greece/vendor/laravel/framework/src/Illuminate/View/Engines/CompilerEngine.php(72): Illuminate\\View\\Engines\\PhpEngine->evaluatePath('/Users/sasho/Si...', Array)
#4 /Users/sasho/Sites/nomad-partners-Greece/vendor/laravel/framework/src/Illuminate/View/View.php(207): Illuminate\\View\\Engines\\CompilerEngine->get('/Users/sasho/Si...', Array)
#5 /Users/sasho/Sites/nomad-partners-Greece/vendor/laravel/framework/src/Illuminate/View/View.php(190): Illuminate\\View\\View->getContents()
#6 /Users/sasho/Sites/nomad-partners-Greece/vendor/laravel/framework/src/Illuminate/View/View.php(159): Illuminate\\View\\View->renderContents()
#7 /Users/sasho/Sites/nomad-partners-Greece/vendor/laravel/framework/src/Illuminate/Http/Response.php(69): Illuminate\\View\\View->render()
#8 /Users/sasho/Sites/nomad-partners-Greece/vendor/laravel/framework/src/Illuminate/Http/Response.php(35): Illuminate\\Http\\Response->setContent(Object(Illuminate\\View\\View))
#9 /Users/sasho/Sites/nomad-partners-Greece/vendor/laravel/framework/src/Illuminate/Routing/Router.php(918): Illuminate\\Http\\Response->__construct(Object(Illuminate\\View\\View), 200, Array)
#10 /Users/sasho/Sites/nomad-partners-Greece/vendor/laravel/framework/src/Illuminate/Routing/Router.php(885): Illuminate\\Routing\\Router::toResponse(Object(Illuminate\\Http\\Request), Object(Illuminate\\View\\View))
#11 /Users/sasho/Sites/nomad-partners-Greece/vendor/laravel/framework/src/Illuminate/Routing/Router.php(805): Illuminate\\Routing\\Router->prepareResponse(Object(Illuminate\\Http\\Request), Object(Illuminate\\View\\View))
#12 /Users/sasho/Sites/nomad-partners-Greece/vendor/laravel/framework/src/Illuminate/Pipeline/Pipeline.php(144): Illuminate\\Routing\\Router->Illuminate\\Routing\\{closure}(Object(Illuminate\\Http\\Request))
#13 /Users/sasho/Sites/nomad-partners-Greece/app/Http/Middleware/AdminMiddleware.php(22): Illuminate\\Pipeline\\Pipeline->Illuminate\\Pipeline\\{closure}(Object(Illuminate\\Http\\Request))
#14 /Users/sasho/Sites/nomad-partners-Greece/vendor/laravel/framework/src/Illuminate/Pipeline/Pipeline.php(183): App\\Http\\Middleware\\AdminMiddleware->handle(Object(Illuminate\\Http\\Request), Object(Closure))
#15 /Users/sasho/Sites/nomad-partners-Greece/vendor/laravel/framework/src/Illuminate/Routing/Middleware/SubstituteBindings.php(50): Illuminate\\Pipeline\\Pipeline->Illuminate\\Pipeline\\{closure}(Object(Illuminate\\Http\\Request))
#16 /Users/sasho/Sites/nomad-partners-Greece/vendor/laravel/framework/src/Illuminate/Pipeline/Pipeline.php(183): Illuminate\\Routing\\Middleware\\SubstituteBindings->handle(Object(Illuminate\\Http\\Request), Object(Closure))
#17 /Users/sasho/Sites/nomad-partners-Greece/vendor/laravel/framework/src/Illuminate/Foundation/Http/Middleware/VerifyCsrfToken.php(78): Illuminate\\Pipeline\\Pipeline->Illuminate\\Pipeline\\{closure}(Object(Illuminate\\Http\\Request))
#18 /Users/sasho/Sites/nomad-partners-Greece/vendor/laravel/framework/src/Illuminate/Pipeline/Pipeline.php(183): Illuminate\\Foundation\\Http\\Middleware\\VerifyCsrfToken->handle(Object(Illuminate\\Http\\Request), Object(Closure))
#19 /Users/sasho/Sites/nomad-partners-Greece/vendor/laravel/framework/src/Illuminate/View/Middleware/ShareErrorsFromSession.php(49): Illuminate\\Pipeline\\Pipeline->Illuminate\\Pipeline\\{closure}(Object(Illuminate\\Http\\Request))
#20 /Users/sasho/Sites/nomad-partners-Greece/vendor/laravel/framework/src/Illuminate/Pipeline/Pipeline.php(183): Illuminate\\View\\Middleware\\ShareErrorsFromSession->handle(Object(Illuminate\\Http\\Request), Object(Closure))
#21 /Users/sasho/Sites/nomad-partners-Greece/vendor/laravel/framework/src/Illuminate/Session/Middleware/StartSession.php(121): Illuminate\\Pipeline\\Pipeline->Illuminate\\Pipeline\\{closure}(Object(Illuminate\\Http\\Request))
#22 /Users/sasho/Sites/nomad-partners-Greece/vendor/laravel/framework/src/Illuminate/Session/Middleware/StartSession.php(64): Illuminate\\Session\\Middleware\\StartSession->handleStatefulRequest(Object(Illuminate\\Http\\Request), Object(Illuminate\\Session\\Store), Object(Closure))
#23 /Users/sasho/Sites/nomad-partners-Greece/vendor/laravel/framework/src/Illuminate/Pipeline/Pipeline.php(183): Illuminate\\Session\\Middleware\\StartSession->handle(Object(Illuminate\\Http\\Request), Object(Closure))
#24 /Users/sasho/Sites/nomad-partners-Greece/vendor/laravel/framework/src/Illuminate/Cookie/Middleware/AddQueuedCookiesToResponse.php(37): Illuminate\\Pipeline\\Pipeline->Illuminate\\Pipeline\\{closure}(Object(Illuminate\\Http\\Request))
#25 /Users/sasho/Sites/nomad-partners-Greece/vendor/laravel/framework/src/Illuminate/Pipeline/Pipeline.php(183): Illuminate\\Cookie\\Middleware\\AddQueuedCookiesToResponse->handle(Object(Illuminate\\Http\\Request), Object(Closure))
#26 /Users/sasho/Sites/nomad-partners-Greece/vendor/laravel/framework/src/Illuminate/Cookie/Middleware/EncryptCookies.php(67): Illuminate\\Pipeline\\Pipeline->Illuminate\\Pipeline\\{closure}(Object(Illuminate\\Http\\Request))
#27 /Users/sasho/Sites/nomad-partners-Greece/vendor/laravel/framework/src/Illuminate/Pipeline/Pipeline.php(183): Illuminate\\Cookie\\Middleware\\EncryptCookies->handle(Object(Illuminate\\Http\\Request), Object(Closure))
#28 /Users/sasho/Sites/nomad-partners-Greece/vendor/laravel/framework/src/Illuminate/Pipeline/Pipeline.php(119): Illuminate\\Pipeline\\Pipeline->Illuminate\\Pipeline\\{closure}(Object(Illuminate\\Http\\Request))
#29 /Users/sasho/Sites/nomad-partners-Greece/vendor/laravel/framework/src/Illuminate/Routing/Router.php(805): Illuminate\\Pipeline\\Pipeline->then(Object(Closure))
#30 /Users/sasho/Sites/nomad-partners-Greece/vendor/laravel/framework/src/Illuminate/Routing/Router.php(784): Illuminate\\Routing\\Router->runRouteWithinStack(Object(Illuminate\\Routing\\Route), Object(Illuminate\\Http\\Request))
#31 /Users/sasho/Sites/nomad-partners-Greece/vendor/laravel/framework/src/Illuminate/Routing/Router.php(748): Illuminate\\Routing\\Router->runRoute(Object(Illuminate\\Http\\Request), Object(Illuminate\\Routing\\Route))
#32 /Users/sasho/Sites/nomad-partners-Greece/vendor/laravel/framework/src/Illuminate/Routing/Router.php(737): Illuminate\\Routing\\Router->dispatchToRoute(Object(Illuminate\\Http\\Request))
#33 /Users/sasho/Sites/nomad-partners-Greece/vendor/laravel/framework/src/Illuminate/Foundation/Http/Kernel.php(200): Illuminate\\Routing\\Router->dispatch(Object(Illuminate\\Http\\Request))
#34 /Users/sasho/Sites/nomad-partners-Greece/vendor/laravel/framework/src/Illuminate/Pipeline/Pipeline.php(144): Illuminate\\Foundation\\Http\\Kernel->Illuminate\\Foundation\\Http\\{closure}(Object(Illuminate\\Http\\Request))
#35 /Users/sasho/Sites/nomad-partners-Greece/vendor/laravel/framework/src/Illuminate/Foundation/Http/Middleware/TransformsRequest.php(21): Illuminate\\Pipeline\\Pipeline->Illuminate\\Pipeline\\{closure}(Object(Illuminate\\Http\\Request))
#36 /Users/sasho/Sites/nomad-partners-Greece/vendor/laravel/framework/src/Illuminate/Foundation/Http/Middleware/ConvertEmptyStringsToNull.php(31): Illuminate\\Foundation\\Http\\Middleware\\TransformsRequest->handle(Object(Illuminate\\Http\\Request), Object(Closure))
#37 /Users/sasho/Sites/nomad-partners-Greece/vendor/laravel/framework/src/Illuminate/Pipeline/Pipeline.php(183): Illuminate\\Foundation\\Http\\Middleware\\ConvertEmptyStringsToNull->handle(Object(Illuminate\\Http\\Request), Object(Closure))
#38 /Users/sasho/Sites/nomad-partners-Greece/vendor/laravel/framework/src/Illuminate/Foundation/Http/Middleware/TransformsRequest.php(21): Illuminate\\Pipeline\\Pipeline->Illuminate\\Pipeline\\{closure}(Object(Illuminate\\Http\\Request))
#39 /Users/sasho/Sites/nomad-partners-Greece/vendor/laravel/framework/src/Illuminate/Foundation/Http/Middleware/TrimStrings.php(40): Illuminate\\Foundation\\Http\\Middleware\\TransformsRequest->handle(Object(Illuminate\\Http\\Request), Object(Closure))
#40 /Users/sasho/Sites/nomad-partners-Greece/vendor/laravel/framework/src/Illuminate/Pipeline/Pipeline.php(183): Illuminate\\Foundation\\Http\\Middleware\\TrimStrings->handle(Object(Illuminate\\Http\\Request), Object(Closure))
#41 /Users/sasho/Sites/nomad-partners-Greece/vendor/laravel/framework/src/Illuminate/Foundation/Http/Middleware/ValidatePostSize.php(27): Illuminate\\Pipeline\\Pipeline->Illuminate\\Pipeline\\{closure}(Object(Illuminate\\Http\\Request))
#42 /Users/sasho/Sites/nomad-partners-Greece/vendor/laravel/framework/src/Illuminate/Pipeline/Pipeline.php(183): Illuminate\\Foundation\\Http\\Middleware\\ValidatePostSize->handle(Object(Illuminate\\Http\\Request), Object(Closure))
#43 /Users/sasho/Sites/nomad-partners-Greece/vendor/laravel/framework/src/Illuminate/Foundation/Http/Middleware/PreventRequestsDuringMaintenance.php(99): Illuminate\\Pipeline\\Pipeline->Illuminate\\Pipeline\\{closure}(Object(Illuminate\\Http\\Request))
#44 /Users/sasho/Sites/nomad-partners-Greece/vendor/laravel/framework/src/Illuminate/Pipeline/Pipeline.php(183): Illuminate\\Foundation\\Http\\Middleware\\PreventRequestsDuringMaintenance->handle(Object(Illuminate\\Http\\Request), Object(Closure))
#45 /Users/sasho/Sites/nomad-partners-Greece/vendor/laravel/framework/src/Illuminate/Http/Middleware/HandleCors.php(62): Illuminate\\Pipeline\\Pipeline->Illuminate\\Pipeline\\{closure}(Object(Illuminate\\Http\\Request))
#46 /Users/sasho/Sites/nomad-partners-Greece/vendor/laravel/framework/src/Illuminate/Pipeline/Pipeline.php(183): Illuminate\\Http\\Middleware\\HandleCors->handle(Object(Illuminate\\Http\\Request), Object(Closure))
#47 /Users/sasho/Sites/nomad-partners-Greece/vendor/laravel/framework/src/Illuminate/Http/Middleware/TrustProxies.php(39): Illuminate\\Pipeline\\Pipeline->Illuminate\\Pipeline\\{closure}(Object(Illuminate\\Http\\Request))
#48 /Users/sasho/Sites/nomad-partners-Greece/vendor/laravel/framework/src/Illuminate/Pipeline/Pipeline.php(183): Illuminate\\Http\\Middleware\\TrustProxies->handle(Object(Illuminate\\Http\\Request), Object(Closure))
#49 /Users/sasho/Sites/nomad-partners-Greece/vendor/laravel/framework/src/Illuminate/Pipeline/Pipeline.php(119): Illuminate\\Pipeline\\Pipeline->Illuminate\\Pipeline\\{closure}(Object(Illuminate\\Http\\Request))
#50 /Users/sasho/Sites/nomad-partners-Greece/vendor/laravel/framework/src/Illuminate/Foundation/Http/Kernel.php(175): Illuminate\\Pipeline\\Pipeline->then(Object(Closure))
#51 /Users/sasho/Sites/nomad-partners-Greece/vendor/laravel/framework/src/Illuminate/Foundation/Http/Kernel.php(144): Illuminate\\Foundation\\Http\\Kernel->sendRequestThroughRouter(Object(Illuminate\\Http\\Request))
#52 /Users/sasho/Sites/nomad-partners-Greece/public/index.php(51): Illuminate\\Foundation\\Http\\Kernel->handle(Object(Illuminate\\Http\\Request))
#53 /Users/sasho/Sites/nomad-partners-Greece/vendor/laravel/framework/src/Illuminate/Foundation/resources/server.php(16): require_once('/Users/sasho/Si...')
#54 {main}

[previous exception] [object] (ErrorException(code: 0): Undefined variable $aboutUs at /Users/sasho/Sites/nomad-partners-Greece/storage/framework/views/5e7375a8e1a261d7d791dd12542c517d.php:55)
[stacktrace]
#0 /Users/sasho/Sites/nomad-partners-Greece/vendor/laravel/framework/src/Illuminate/Foundation/Bootstrap/HandleExceptions.php(255): Illuminate\\Foundation\\Bootstrap\\HandleExceptions->handleError(2, 'Undefined varia...', '/Users/sasho/Si...', 55)
#1 /Users/sasho/Sites/nomad-partners-Greece/storage/framework/views/5e7375a8e1a261d7d791dd12542c517d.php(55): Illuminate\\Foundation\\Bootstrap\\HandleExceptions->Illuminate\\Foundation\\Bootstrap\\{closure}(2, 'Undefined varia...', '/Users/sasho/Si...', 55)
#2 /Users/sasho/Sites/nomad-partners-Greece/vendor/laravel/framework/src/Illuminate/Filesystem/Filesystem.php(123): require('/Users/sasho/Si...')
#3 /Users/sasho/Sites/nomad-partners-Greece/vendor/laravel/framework/src/Illuminate/Filesystem/Filesystem.php(124): Illuminate\\Filesystem\\Filesystem::Illuminate\\Filesystem\\{closure}()
#4 /Users/sasho/Sites/nomad-partners-Greece/vendor/laravel/framework/src/Illuminate/View/Engines/PhpEngine.php(58): Illuminate\\Filesystem\\Filesystem->getRequire('/Users/sasho/Si...', Array)
#5 /Users/sasho/Sites/nomad-partners-Greece/vendor/laravel/framework/src/Illuminate/View/Engines/CompilerEngine.php(72): Illuminate\\View\\Engines\\PhpEngine->evaluatePath('/Users/sasho/Si...', Array)
#6 /Users/sasho/Sites/nomad-partners-Greece/vendor/laravel/framework/src/Illuminate/View/View.php(207): Illuminate\\View\\Engines\\CompilerEngine->get('/Users/sasho/Si...', Array)
#7 /Users/sasho/Sites/nomad-partners-Greece/vendor/laravel/framework/src/Illuminate/View/View.php(190): Illuminate\\View\\View->getContents()
#8 /Users/sasho/Sites/nomad-partners-Greece/vendor/laravel/framework/src/Illuminate/View/View.php(159): Illuminate\\View\\View->renderContents()
#9 /Users/sasho/Sites/nomad-partners-Greece/vendor/laravel/framework/src/Illuminate/Http/Response.php(69): Illuminate\\View\\View->render()
#10 /Users/sasho/Sites/nomad-partners-Greece/vendor/laravel/framework/src/Illuminate/Http/Response.php(35): Illuminate\\Http\\Response->setContent(Object(Illuminate\\View\\View))
#11 /Users/sasho/Sites/nomad-partners-Greece/vendor/laravel/framework/src/Illuminate/Routing/Router.php(918): Illuminate\\Http\\Response->__construct(Object(Illuminate\\View\\View), 200, Array)
#12 /Users/sasho/Sites/nomad-partners-Greece/vendor/laravel/framework/src/Illuminate/Routing/Router.php(885): Illuminate\\Routing\\Router::toResponse(Object(Illuminate\\Http\\Request), Object(Illuminate\\View\\View))
#13 /Users/sasho/Sites/nomad-partners-Greece/vendor/laravel/framework/src/Illuminate/Routing/Router.php(805): Illuminate\\Routing\\Router->prepareResponse(Object(Illuminate\\Http\\Request), Object(Illuminate\\View\\View))
#14 /Users/sasho/Sites/nomad-partners-Greece/vendor/laravel/framework/src/Illuminate/Pipeline/Pipeline.php(144): Illuminate\\Routing\\Router->Illuminate\\Routing\\{closure}(Object(Illuminate\\Http\\Request))
#15 /Users/sasho/Sites/nomad-partners-Greece/app/Http/Middleware/AdminMiddleware.php(22): Illuminate\\Pipeline\\Pipeline->Illuminate\\Pipeline\\{closure}(Object(Illuminate\\Http\\Request))
#16 /Users/sasho/Sites/nomad-partners-Greece/vendor/laravel/framework/src/Illuminate/Pipeline/Pipeline.php(183): App\\Http\\Middleware\\AdminMiddleware->handle(Object(Illuminate\\Http\\Request), Object(Closure))
#17 /Users/sasho/Sites/nomad-partners-Greece/vendor/laravel/framework/src/Illuminate/Routing/Middleware/SubstituteBindings.php(50): Illuminate\\Pipeline\\Pipeline->Illuminate\\Pipeline\\{closure}(Object(Illuminate\\Http\\Request))
#18 /Users/sasho/Sites/nomad-partners-Greece/vendor/laravel/framework/src/Illuminate/Pipeline/Pipeline.php(183): Illuminate\\Routing\\Middleware\\SubstituteBindings->handle(Object(Illuminate\\Http\\Request), Object(Closure))
#19 /Users/sasho/Sites/nomad-partners-Greece/vendor/laravel/framework/src/Illuminate/Foundation/Http/Middleware/VerifyCsrfToken.php(78): Illuminate\\Pipeline\\Pipeline->Illuminate\\Pipeline\\{closure}(Object(Illuminate\\Http\\Request))
#20 /Users/sasho/Sites/nomad-partners-Greece/vendor/laravel/framework/src/Illuminate/Pipeline/Pipeline.php(183): Illuminate\\Foundation\\Http\\Middleware\\VerifyCsrfToken->handle(Object(Illuminate\\Http\\Request), Object(Closure))
#21 /Users/sasho/Sites/nomad-partners-Greece/vendor/laravel/framework/src/Illuminate/View/Middleware/ShareErrorsFromSession.php(49): Illuminate\\Pipeline\\Pipeline->Illuminate\\Pipeline\\{closure}(Object(Illuminate\\Http\\Request))
#22 /Users/sasho/Sites/nomad-partners-Greece/vendor/laravel/framework/src/Illuminate/Pipeline/Pipeline.php(183): Illuminate\\View\\Middleware\\ShareErrorsFromSession->handle(Object(Illuminate\\Http\\Request), Object(Closure))
#23 /Users/sasho/Sites/nomad-partners-Greece/vendor/laravel/framework/src/Illuminate/Session/Middleware/StartSession.php(121): Illuminate\\Pipeline\\Pipeline->Illuminate\\Pipeline\\{closure}(Object(Illuminate\\Http\\Request))
#24 /Users/sasho/Sites/nomad-partners-Greece/vendor/laravel/framework/src/Illuminate/Session/Middleware/StartSession.php(64): Illuminate\\Session\\Middleware\\StartSession->handleStatefulRequest(Object(Illuminate\\Http\\Request), Object(Illuminate\\Session\\Store), Object(Closure))
#25 /Users/sasho/Sites/nomad-partners-Greece/vendor/laravel/framework/src/Illuminate/Pipeline/Pipeline.php(183): Illuminate\\Session\\Middleware\\StartSession->handle(Object(Illuminate\\Http\\Request), Object(Closure))
#26 /Users/sasho/Sites/nomad-partners-Greece/vendor/laravel/framework/src/Illuminate/Cookie/Middleware/AddQueuedCookiesToResponse.php(37): Illuminate\\Pipeline\\Pipeline->Illuminate\\Pipeline\\{closure}(Object(Illuminate\\Http\\Request))
#27 /Users/sasho/Sites/nomad-partners-Greece/vendor/laravel/framework/src/Illuminate/Pipeline/Pipeline.php(183): Illuminate\\Cookie\\Middleware\\AddQueuedCookiesToResponse->handle(Object(Illuminate\\Http\\Request), Object(Closure))
#28 /Users/sasho/Sites/nomad-partners-Greece/vendor/laravel/framework/src/Illuminate/Cookie/Middleware/EncryptCookies.php(67): Illuminate\\Pipeline\\Pipeline->Illuminate\\Pipeline\\{closure}(Object(Illuminate\\Http\\Request))
#29 /Users/sasho/Sites/nomad-partners-Greece/vendor/laravel/framework/src/Illuminate/Pipeline/Pipeline.php(183): Illuminate\\Cookie\\Middleware\\EncryptCookies->handle(Object(Illuminate\\Http\\Request), Object(Closure))
#30 /Users/sasho/Sites/nomad-partners-Greece/vendor/laravel/framework/src/Illuminate/Pipeline/Pipeline.php(119): Illuminate\\Pipeline\\Pipeline->Illuminate\\Pipeline\\{closure}(Object(Illuminate\\Http\\Request))
#31 /Users/sasho/Sites/nomad-partners-Greece/vendor/laravel/framework/src/Illuminate/Routing/Router.php(805): Illuminate\\Pipeline\\Pipeline->then(Object(Closure))
#32 /Users/sasho/Sites/nomad-partners-Greece/vendor/laravel/framework/src/Illuminate/Routing/Router.php(784): Illuminate\\Routing\\Router->runRouteWithinStack(Object(Illuminate\\Routing\\Route), Object(Illuminate\\Http\\Request))
#33 /Users/sasho/Sites/nomad-partners-Greece/vendor/laravel/framework/src/Illuminate/Routing/Router.php(748): Illuminate\\Routing\\Router->runRoute(Object(Illuminate\\Http\\Request), Object(Illuminate\\Routing\\Route))
#34 /Users/sasho/Sites/nomad-partners-Greece/vendor/laravel/framework/src/Illuminate/Routing/Router.php(737): Illuminate\\Routing\\Router->dispatchToRoute(Object(Illuminate\\Http\\Request))
#35 /Users/sasho/Sites/nomad-partners-Greece/vendor/laravel/framework/src/Illuminate/Foundation/Http/Kernel.php(200): Illuminate\\Routing\\Router->dispatch(Object(Illuminate\\Http\\Request))
#36 /Users/sasho/Sites/nomad-partners-Greece/vendor/laravel/framework/src/Illuminate/Pipeline/Pipeline.php(144): Illuminate\\Foundation\\Http\\Kernel->Illuminate\\Foundation\\Http\\{closure}(Object(Illuminate\\Http\\Request))
#37 /Users/sasho/Sites/nomad-partners-Greece/vendor/laravel/framework/src/Illuminate/Foundation/Http/Middleware/TransformsRequest.php(21): Illuminate\\Pipeline\\Pipeline->Illuminate\\Pipeline\\{closure}(Object(Illuminate\\Http\\Request))
#38 /Users/sasho/Sites/nomad-partners-Greece/vendor/laravel/framework/src/Illuminate/Foundation/Http/Middleware/ConvertEmptyStringsToNull.php(31): Illuminate\\Foundation\\Http\\Middleware\\TransformsRequest->handle(Object(Illuminate\\Http\\Request), Object(Closure))
#39 /Users/sasho/Sites/nomad-partners-Greece/vendor/laravel/framework/src/Illuminate/Pipeline/Pipeline.php(183): Illuminate\\Foundation\\Http\\Middleware\\ConvertEmptyStringsToNull->handle(Object(Illuminate\\Http\\Request), Object(Closure))
#40 /Users/sasho/Sites/nomad-partners-Greece/vendor/laravel/framework/src/Illuminate/Foundation/Http/Middleware/TransformsRequest.php(21): Illuminate\\Pipeline\\Pipeline->Illuminate\\Pipeline\\{closure}(Object(Illuminate\\Http\\Request))
#41 /Users/sasho/Sites/nomad-partners-Greece/vendor/laravel/framework/src/Illuminate/Foundation/Http/Middleware/TrimStrings.php(40): Illuminate\\Foundation\\Http\\Middleware\\TransformsRequest->handle(Object(Illuminate\\Http\\Request), Object(Closure))
#42 /Users/sasho/Sites/nomad-partners-Greece/vendor/laravel/framework/src/Illuminate/Pipeline/Pipeline.php(183): Illuminate\\Foundation\\Http\\Middleware\\TrimStrings->handle(Object(Illuminate\\Http\\Request), Object(Closure))
#43 /Users/sasho/Sites/nomad-partners-Greece/vendor/laravel/framework/src/Illuminate/Foundation/Http/Middleware/ValidatePostSize.php(27): Illuminate\\Pipeline\\Pipeline->Illuminate\\Pipeline\\{closure}(Object(Illuminate\\Http\\Request))
#44 /Users/sasho/Sites/nomad-partners-Greece/vendor/laravel/framework/src/Illuminate/Pipeline/Pipeline.php(183): Illuminate\\Foundation\\Http\\Middleware\\ValidatePostSize->handle(Object(Illuminate\\Http\\Request), Object(Closure))
#45 /Users/sasho/Sites/nomad-partners-Greece/vendor/laravel/framework/src/Illuminate/Foundation/Http/Middleware/PreventRequestsDuringMaintenance.php(99): Illuminate\\Pipeline\\Pipeline->Illuminate\\Pipeline\\{closure}(Object(Illuminate\\Http\\Request))
#46 /Users/sasho/Sites/nomad-partners-Greece/vendor/laravel/framework/src/Illuminate/Pipeline/Pipeline.php(183): Illuminate\\Foundation\\Http\\Middleware\\PreventRequestsDuringMaintenance->handle(Object(Illuminate\\Http\\Request), Object(Closure))
#47 /Users/sasho/Sites/nomad-partners-Greece/vendor/laravel/framework/src/Illuminate/Http/Middleware/HandleCors.php(62): Illuminate\\Pipeline\\Pipeline->Illuminate\\Pipeline\\{closure}(Object(Illuminate\\Http\\Request))
#48 /Users/sasho/Sites/nomad-partners-Greece/vendor/laravel/framework/src/Illuminate/Pipeline/Pipeline.php(183): Illuminate\\Http\\Middleware\\HandleCors->handle(Object(Illuminate\\Http\\Request), Object(Closure))
#49 /Users/sasho/Sites/nomad-partners-Greece/vendor/laravel/framework/src/Illuminate/Http/Middleware/TrustProxies.php(39): Illuminate\\Pipeline\\Pipeline->Illuminate\\Pipeline\\{closure}(Object(Illuminate\\Http\\Request))
#50 /Users/sasho/Sites/nomad-partners-Greece/vendor/laravel/framework/src/Illuminate/Pipeline/Pipeline.php(183): Illuminate\\Http\\Middleware\\TrustProxies->handle(Object(Illuminate\\Http\\Request), Object(Closure))
#51 /Users/sasho/Sites/nomad-partners-Greece/vendor/laravel/framework/src/Illuminate/Pipeline/Pipeline.php(119): Illuminate\\Pipeline\\Pipeline->Illuminate\\Pipeline\\{closure}(Object(Illuminate\\Http\\Request))
#52 /Users/sasho/Sites/nomad-partners-Greece/vendor/laravel/framework/src/Illuminate/Foundation/Http/Kernel.php(175): Illuminate\\Pipeline\\Pipeline->then(Object(Closure))
#53 /Users/sasho/Sites/nomad-partners-Greece/vendor/laravel/framework/src/Illuminate/Foundation/Http/Kernel.php(144): Illuminate\\Foundation\\Http\\Kernel->sendRequestThroughRouter(Object(Illuminate\\Http\\Request))
#54 /Users/sasho/Sites/nomad-partners-Greece/public/index.php(51): Illuminate\\Foundation\\Http\\Kernel->handle(Object(Illuminate\\Http\\Request))
#55 /Users/sasho/Sites/nomad-partners-Greece/vendor/laravel/framework/src/Illuminate/Foundation/resources/server.php(16): require_once('/Users/sasho/Si...')
#56 {main}
"} 
[2025-06-09 20:56:27] local.ERROR: Route [admin.login] not defined. {"exception":"[object] (Symfony\\Component\\Routing\\Exception\\RouteNotFoundException(code: 0): Route [admin.login] not defined. at /Users/sasho/Sites/nomad-partners-Greece/vendor/laravel/framework/src/Illuminate/Routing/UrlGenerator.php:477)
[stacktrace]
#0 /Users/sasho/Sites/nomad-partners-Greece/vendor/laravel/framework/src/Illuminate/Routing/Redirector.php(154): Illuminate\\Routing\\UrlGenerator->route('admin.login', Array)
#1 /Users/sasho/Sites/nomad-partners-Greece/app/Http/Middleware/AdminMiddleware.php(25): Illuminate\\Routing\\Redirector->route('admin.login')
#2 /Users/sasho/Sites/nomad-partners-Greece/vendor/laravel/framework/src/Illuminate/Pipeline/Pipeline.php(183): App\\Http\\Middleware\\AdminMiddleware->handle(Object(Illuminate\\Http\\Request), Object(Closure))
#3 /Users/sasho/Sites/nomad-partners-Greece/vendor/laravel/framework/src/Illuminate/Routing/Middleware/SubstituteBindings.php(50): Illuminate\\Pipeline\\Pipeline->Illuminate\\Pipeline\\{closure}(Object(Illuminate\\Http\\Request))
#4 /Users/sasho/Sites/nomad-partners-Greece/vendor/laravel/framework/src/Illuminate/Pipeline/Pipeline.php(183): Illuminate\\Routing\\Middleware\\SubstituteBindings->handle(Object(Illuminate\\Http\\Request), Object(Closure))
#5 /Users/sasho/Sites/nomad-partners-Greece/vendor/laravel/framework/src/Illuminate/Foundation/Http/Middleware/VerifyCsrfToken.php(78): Illuminate\\Pipeline\\Pipeline->Illuminate\\Pipeline\\{closure}(Object(Illuminate\\Http\\Request))
#6 /Users/sasho/Sites/nomad-partners-Greece/vendor/laravel/framework/src/Illuminate/Pipeline/Pipeline.php(183): Illuminate\\Foundation\\Http\\Middleware\\VerifyCsrfToken->handle(Object(Illuminate\\Http\\Request), Object(Closure))
#7 /Users/sasho/Sites/nomad-partners-Greece/vendor/laravel/framework/src/Illuminate/View/Middleware/ShareErrorsFromSession.php(49): Illuminate\\Pipeline\\Pipeline->Illuminate\\Pipeline\\{closure}(Object(Illuminate\\Http\\Request))
#8 /Users/sasho/Sites/nomad-partners-Greece/vendor/laravel/framework/src/Illuminate/Pipeline/Pipeline.php(183): Illuminate\\View\\Middleware\\ShareErrorsFromSession->handle(Object(Illuminate\\Http\\Request), Object(Closure))
#9 /Users/sasho/Sites/nomad-partners-Greece/vendor/laravel/framework/src/Illuminate/Session/Middleware/StartSession.php(121): Illuminate\\Pipeline\\Pipeline->Illuminate\\Pipeline\\{closure}(Object(Illuminate\\Http\\Request))
#10 /Users/sasho/Sites/nomad-partners-Greece/vendor/laravel/framework/src/Illuminate/Session/Middleware/StartSession.php(64): Illuminate\\Session\\Middleware\\StartSession->handleStatefulRequest(Object(Illuminate\\Http\\Request), Object(Illuminate\\Session\\Store), Object(Closure))
#11 /Users/sasho/Sites/nomad-partners-Greece/vendor/laravel/framework/src/Illuminate/Pipeline/Pipeline.php(183): Illuminate\\Session\\Middleware\\StartSession->handle(Object(Illuminate\\Http\\Request), Object(Closure))
#12 /Users/sasho/Sites/nomad-partners-Greece/vendor/laravel/framework/src/Illuminate/Cookie/Middleware/AddQueuedCookiesToResponse.php(37): Illuminate\\Pipeline\\Pipeline->Illuminate\\Pipeline\\{closure}(Object(Illuminate\\Http\\Request))
#13 /Users/sasho/Sites/nomad-partners-Greece/vendor/laravel/framework/src/Illuminate/Pipeline/Pipeline.php(183): Illuminate\\Cookie\\Middleware\\AddQueuedCookiesToResponse->handle(Object(Illuminate\\Http\\Request), Object(Closure))
#14 /Users/sasho/Sites/nomad-partners-Greece/vendor/laravel/framework/src/Illuminate/Cookie/Middleware/EncryptCookies.php(67): Illuminate\\Pipeline\\Pipeline->Illuminate\\Pipeline\\{closure}(Object(Illuminate\\Http\\Request))
#15 /Users/sasho/Sites/nomad-partners-Greece/vendor/laravel/framework/src/Illuminate/Pipeline/Pipeline.php(183): Illuminate\\Cookie\\Middleware\\EncryptCookies->handle(Object(Illuminate\\Http\\Request), Object(Closure))
#16 /Users/sasho/Sites/nomad-partners-Greece/vendor/laravel/framework/src/Illuminate/Pipeline/Pipeline.php(119): Illuminate\\Pipeline\\Pipeline->Illuminate\\Pipeline\\{closure}(Object(Illuminate\\Http\\Request))
#17 /Users/sasho/Sites/nomad-partners-Greece/vendor/laravel/framework/src/Illuminate/Routing/Router.php(805): Illuminate\\Pipeline\\Pipeline->then(Object(Closure))
#18 /Users/sasho/Sites/nomad-partners-Greece/vendor/laravel/framework/src/Illuminate/Routing/Router.php(784): Illuminate\\Routing\\Router->runRouteWithinStack(Object(Illuminate\\Routing\\Route), Object(Illuminate\\Http\\Request))
#19 /Users/sasho/Sites/nomad-partners-Greece/vendor/laravel/framework/src/Illuminate/Routing/Router.php(748): Illuminate\\Routing\\Router->runRoute(Object(Illuminate\\Http\\Request), Object(Illuminate\\Routing\\Route))
#20 /Users/sasho/Sites/nomad-partners-Greece/vendor/laravel/framework/src/Illuminate/Routing/Router.php(737): Illuminate\\Routing\\Router->dispatchToRoute(Object(Illuminate\\Http\\Request))
#21 /Users/sasho/Sites/nomad-partners-Greece/vendor/laravel/framework/src/Illuminate/Foundation/Http/Kernel.php(200): Illuminate\\Routing\\Router->dispatch(Object(Illuminate\\Http\\Request))
#22 /Users/sasho/Sites/nomad-partners-Greece/vendor/laravel/framework/src/Illuminate/Pipeline/Pipeline.php(144): Illuminate\\Foundation\\Http\\Kernel->Illuminate\\Foundation\\Http\\{closure}(Object(Illuminate\\Http\\Request))
#23 /Users/sasho/Sites/nomad-partners-Greece/vendor/laravel/framework/src/Illuminate/Foundation/Http/Middleware/TransformsRequest.php(21): Illuminate\\Pipeline\\Pipeline->Illuminate\\Pipeline\\{closure}(Object(Illuminate\\Http\\Request))
#24 /Users/sasho/Sites/nomad-partners-Greece/vendor/laravel/framework/src/Illuminate/Foundation/Http/Middleware/ConvertEmptyStringsToNull.php(31): Illuminate\\Foundation\\Http\\Middleware\\TransformsRequest->handle(Object(Illuminate\\Http\\Request), Object(Closure))
#25 /Users/sasho/Sites/nomad-partners-Greece/vendor/laravel/framework/src/Illuminate/Pipeline/Pipeline.php(183): Illuminate\\Foundation\\Http\\Middleware\\ConvertEmptyStringsToNull->handle(Object(Illuminate\\Http\\Request), Object(Closure))
#26 /Users/sasho/Sites/nomad-partners-Greece/vendor/laravel/framework/src/Illuminate/Foundation/Http/Middleware/TransformsRequest.php(21): Illuminate\\Pipeline\\Pipeline->Illuminate\\Pipeline\\{closure}(Object(Illuminate\\Http\\Request))
#27 /Users/sasho/Sites/nomad-partners-Greece/vendor/laravel/framework/src/Illuminate/Foundation/Http/Middleware/TrimStrings.php(40): Illuminate\\Foundation\\Http\\Middleware\\TransformsRequest->handle(Object(Illuminate\\Http\\Request), Object(Closure))
#28 /Users/sasho/Sites/nomad-partners-Greece/vendor/laravel/framework/src/Illuminate/Pipeline/Pipeline.php(183): Illuminate\\Foundation\\Http\\Middleware\\TrimStrings->handle(Object(Illuminate\\Http\\Request), Object(Closure))
#29 /Users/sasho/Sites/nomad-partners-Greece/vendor/laravel/framework/src/Illuminate/Foundation/Http/Middleware/ValidatePostSize.php(27): Illuminate\\Pipeline\\Pipeline->Illuminate\\Pipeline\\{closure}(Object(Illuminate\\Http\\Request))
#30 /Users/sasho/Sites/nomad-partners-Greece/vendor/laravel/framework/src/Illuminate/Pipeline/Pipeline.php(183): Illuminate\\Foundation\\Http\\Middleware\\ValidatePostSize->handle(Object(Illuminate\\Http\\Request), Object(Closure))
#31 /Users/sasho/Sites/nomad-partners-Greece/vendor/laravel/framework/src/Illuminate/Foundation/Http/Middleware/PreventRequestsDuringMaintenance.php(99): Illuminate\\Pipeline\\Pipeline->Illuminate\\Pipeline\\{closure}(Object(Illuminate\\Http\\Request))
#32 /Users/sasho/Sites/nomad-partners-Greece/vendor/laravel/framework/src/Illuminate/Pipeline/Pipeline.php(183): Illuminate\\Foundation\\Http\\Middleware\\PreventRequestsDuringMaintenance->handle(Object(Illuminate\\Http\\Request), Object(Closure))
#33 /Users/sasho/Sites/nomad-partners-Greece/vendor/laravel/framework/src/Illuminate/Http/Middleware/HandleCors.php(62): Illuminate\\Pipeline\\Pipeline->Illuminate\\Pipeline\\{closure}(Object(Illuminate\\Http\\Request))
#34 /Users/sasho/Sites/nomad-partners-Greece/vendor/laravel/framework/src/Illuminate/Pipeline/Pipeline.php(183): Illuminate\\Http\\Middleware\\HandleCors->handle(Object(Illuminate\\Http\\Request), Object(Closure))
#35 /Users/sasho/Sites/nomad-partners-Greece/vendor/laravel/framework/src/Illuminate/Http/Middleware/TrustProxies.php(39): Illuminate\\Pipeline\\Pipeline->Illuminate\\Pipeline\\{closure}(Object(Illuminate\\Http\\Request))
#36 /Users/sasho/Sites/nomad-partners-Greece/vendor/laravel/framework/src/Illuminate/Pipeline/Pipeline.php(183): Illuminate\\Http\\Middleware\\TrustProxies->handle(Object(Illuminate\\Http\\Request), Object(Closure))
#37 /Users/sasho/Sites/nomad-partners-Greece/vendor/laravel/framework/src/Illuminate/Pipeline/Pipeline.php(119): Illuminate\\Pipeline\\Pipeline->Illuminate\\Pipeline\\{closure}(Object(Illuminate\\Http\\Request))
#38 /Users/sasho/Sites/nomad-partners-Greece/vendor/laravel/framework/src/Illuminate/Foundation/Http/Kernel.php(175): Illuminate\\Pipeline\\Pipeline->then(Object(Closure))
#39 /Users/sasho/Sites/nomad-partners-Greece/vendor/laravel/framework/src/Illuminate/Foundation/Http/Kernel.php(144): Illuminate\\Foundation\\Http\\Kernel->sendRequestThroughRouter(Object(Illuminate\\Http\\Request))
#40 /Users/sasho/Sites/nomad-partners-Greece/public/index.php(51): Illuminate\\Foundation\\Http\\Kernel->handle(Object(Illuminate\\Http\\Request))
#41 /Users/sasho/Sites/nomad-partners-Greece/vendor/laravel/framework/src/Illuminate/Foundation/resources/server.php(16): require_once('/Users/sasho/Si...')
#42 {main}
"} 
[2025-06-10 06:34:50] local.ERROR: Route [admin.login] not defined. {"exception":"[object] (Symfony\\Component\\Routing\\Exception\\RouteNotFoundException(code: 0): Route [admin.login] not defined. at /Users/sasho/Sites/nomad-partners-Greece/vendor/laravel/framework/src/Illuminate/Routing/UrlGenerator.php:477)
[stacktrace]
#0 /Users/sasho/Sites/nomad-partners-Greece/vendor/laravel/framework/src/Illuminate/Routing/Redirector.php(154): Illuminate\\Routing\\UrlGenerator->route('admin.login', Array)
#1 /Users/sasho/Sites/nomad-partners-Greece/app/Http/Middleware/AdminMiddleware.php(25): Illuminate\\Routing\\Redirector->route('admin.login')
#2 /Users/sasho/Sites/nomad-partners-Greece/vendor/laravel/framework/src/Illuminate/Pipeline/Pipeline.php(183): App\\Http\\Middleware\\AdminMiddleware->handle(Object(Illuminate\\Http\\Request), Object(Closure))
#3 /Users/sasho/Sites/nomad-partners-Greece/vendor/laravel/framework/src/Illuminate/Routing/Middleware/SubstituteBindings.php(50): Illuminate\\Pipeline\\Pipeline->Illuminate\\Pipeline\\{closure}(Object(Illuminate\\Http\\Request))
#4 /Users/sasho/Sites/nomad-partners-Greece/vendor/laravel/framework/src/Illuminate/Pipeline/Pipeline.php(183): Illuminate\\Routing\\Middleware\\SubstituteBindings->handle(Object(Illuminate\\Http\\Request), Object(Closure))
#5 /Users/sasho/Sites/nomad-partners-Greece/vendor/laravel/framework/src/Illuminate/Foundation/Http/Middleware/VerifyCsrfToken.php(78): Illuminate\\Pipeline\\Pipeline->Illuminate\\Pipeline\\{closure}(Object(Illuminate\\Http\\Request))
#6 /Users/sasho/Sites/nomad-partners-Greece/vendor/laravel/framework/src/Illuminate/Pipeline/Pipeline.php(183): Illuminate\\Foundation\\Http\\Middleware\\VerifyCsrfToken->handle(Object(Illuminate\\Http\\Request), Object(Closure))
#7 /Users/sasho/Sites/nomad-partners-Greece/vendor/laravel/framework/src/Illuminate/View/Middleware/ShareErrorsFromSession.php(49): Illuminate\\Pipeline\\Pipeline->Illuminate\\Pipeline\\{closure}(Object(Illuminate\\Http\\Request))
#8 /Users/sasho/Sites/nomad-partners-Greece/vendor/laravel/framework/src/Illuminate/Pipeline/Pipeline.php(183): Illuminate\\View\\Middleware\\ShareErrorsFromSession->handle(Object(Illuminate\\Http\\Request), Object(Closure))
#9 /Users/sasho/Sites/nomad-partners-Greece/vendor/laravel/framework/src/Illuminate/Session/Middleware/StartSession.php(121): Illuminate\\Pipeline\\Pipeline->Illuminate\\Pipeline\\{closure}(Object(Illuminate\\Http\\Request))
#10 /Users/sasho/Sites/nomad-partners-Greece/vendor/laravel/framework/src/Illuminate/Session/Middleware/StartSession.php(64): Illuminate\\Session\\Middleware\\StartSession->handleStatefulRequest(Object(Illuminate\\Http\\Request), Object(Illuminate\\Session\\Store), Object(Closure))
#11 /Users/sasho/Sites/nomad-partners-Greece/vendor/laravel/framework/src/Illuminate/Pipeline/Pipeline.php(183): Illuminate\\Session\\Middleware\\StartSession->handle(Object(Illuminate\\Http\\Request), Object(Closure))
#12 /Users/sasho/Sites/nomad-partners-Greece/vendor/laravel/framework/src/Illuminate/Cookie/Middleware/AddQueuedCookiesToResponse.php(37): Illuminate\\Pipeline\\Pipeline->Illuminate\\Pipeline\\{closure}(Object(Illuminate\\Http\\Request))
#13 /Users/sasho/Sites/nomad-partners-Greece/vendor/laravel/framework/src/Illuminate/Pipeline/Pipeline.php(183): Illuminate\\Cookie\\Middleware\\AddQueuedCookiesToResponse->handle(Object(Illuminate\\Http\\Request), Object(Closure))
#14 /Users/sasho/Sites/nomad-partners-Greece/vendor/laravel/framework/src/Illuminate/Cookie/Middleware/EncryptCookies.php(67): Illuminate\\Pipeline\\Pipeline->Illuminate\\Pipeline\\{closure}(Object(Illuminate\\Http\\Request))
#15 /Users/sasho/Sites/nomad-partners-Greece/vendor/laravel/framework/src/Illuminate/Pipeline/Pipeline.php(183): Illuminate\\Cookie\\Middleware\\EncryptCookies->handle(Object(Illuminate\\Http\\Request), Object(Closure))
#16 /Users/sasho/Sites/nomad-partners-Greece/vendor/laravel/framework/src/Illuminate/Pipeline/Pipeline.php(119): Illuminate\\Pipeline\\Pipeline->Illuminate\\Pipeline\\{closure}(Object(Illuminate\\Http\\Request))
#17 /Users/sasho/Sites/nomad-partners-Greece/vendor/laravel/framework/src/Illuminate/Routing/Router.php(805): Illuminate\\Pipeline\\Pipeline->then(Object(Closure))
#18 /Users/sasho/Sites/nomad-partners-Greece/vendor/laravel/framework/src/Illuminate/Routing/Router.php(784): Illuminate\\Routing\\Router->runRouteWithinStack(Object(Illuminate\\Routing\\Route), Object(Illuminate\\Http\\Request))
#19 /Users/sasho/Sites/nomad-partners-Greece/vendor/laravel/framework/src/Illuminate/Routing/Router.php(748): Illuminate\\Routing\\Router->runRoute(Object(Illuminate\\Http\\Request), Object(Illuminate\\Routing\\Route))
#20 /Users/sasho/Sites/nomad-partners-Greece/vendor/laravel/framework/src/Illuminate/Routing/Router.php(737): Illuminate\\Routing\\Router->dispatchToRoute(Object(Illuminate\\Http\\Request))
#21 /Users/sasho/Sites/nomad-partners-Greece/vendor/laravel/framework/src/Illuminate/Foundation/Http/Kernel.php(200): Illuminate\\Routing\\Router->dispatch(Object(Illuminate\\Http\\Request))
#22 /Users/sasho/Sites/nomad-partners-Greece/vendor/laravel/framework/src/Illuminate/Pipeline/Pipeline.php(144): Illuminate\\Foundation\\Http\\Kernel->Illuminate\\Foundation\\Http\\{closure}(Object(Illuminate\\Http\\Request))
#23 /Users/sasho/Sites/nomad-partners-Greece/vendor/laravel/framework/src/Illuminate/Foundation/Http/Middleware/TransformsRequest.php(21): Illuminate\\Pipeline\\Pipeline->Illuminate\\Pipeline\\{closure}(Object(Illuminate\\Http\\Request))
#24 /Users/sasho/Sites/nomad-partners-Greece/vendor/laravel/framework/src/Illuminate/Foundation/Http/Middleware/ConvertEmptyStringsToNull.php(31): Illuminate\\Foundation\\Http\\Middleware\\TransformsRequest->handle(Object(Illuminate\\Http\\Request), Object(Closure))
#25 /Users/sasho/Sites/nomad-partners-Greece/vendor/laravel/framework/src/Illuminate/Pipeline/Pipeline.php(183): Illuminate\\Foundation\\Http\\Middleware\\ConvertEmptyStringsToNull->handle(Object(Illuminate\\Http\\Request), Object(Closure))
#26 /Users/sasho/Sites/nomad-partners-Greece/vendor/laravel/framework/src/Illuminate/Foundation/Http/Middleware/TransformsRequest.php(21): Illuminate\\Pipeline\\Pipeline->Illuminate\\Pipeline\\{closure}(Object(Illuminate\\Http\\Request))
#27 /Users/sasho/Sites/nomad-partners-Greece/vendor/laravel/framework/src/Illuminate/Foundation/Http/Middleware/TrimStrings.php(40): Illuminate\\Foundation\\Http\\Middleware\\TransformsRequest->handle(Object(Illuminate\\Http\\Request), Object(Closure))
#28 /Users/sasho/Sites/nomad-partners-Greece/vendor/laravel/framework/src/Illuminate/Pipeline/Pipeline.php(183): Illuminate\\Foundation\\Http\\Middleware\\TrimStrings->handle(Object(Illuminate\\Http\\Request), Object(Closure))
#29 /Users/sasho/Sites/nomad-partners-Greece/vendor/laravel/framework/src/Illuminate/Foundation/Http/Middleware/ValidatePostSize.php(27): Illuminate\\Pipeline\\Pipeline->Illuminate\\Pipeline\\{closure}(Object(Illuminate\\Http\\Request))
#30 /Users/sasho/Sites/nomad-partners-Greece/vendor/laravel/framework/src/Illuminate/Pipeline/Pipeline.php(183): Illuminate\\Foundation\\Http\\Middleware\\ValidatePostSize->handle(Object(Illuminate\\Http\\Request), Object(Closure))
#31 /Users/sasho/Sites/nomad-partners-Greece/vendor/laravel/framework/src/Illuminate/Foundation/Http/Middleware/PreventRequestsDuringMaintenance.php(99): Illuminate\\Pipeline\\Pipeline->Illuminate\\Pipeline\\{closure}(Object(Illuminate\\Http\\Request))
#32 /Users/sasho/Sites/nomad-partners-Greece/vendor/laravel/framework/src/Illuminate/Pipeline/Pipeline.php(183): Illuminate\\Foundation\\Http\\Middleware\\PreventRequestsDuringMaintenance->handle(Object(Illuminate\\Http\\Request), Object(Closure))
#33 /Users/sasho/Sites/nomad-partners-Greece/vendor/laravel/framework/src/Illuminate/Http/Middleware/HandleCors.php(62): Illuminate\\Pipeline\\Pipeline->Illuminate\\Pipeline\\{closure}(Object(Illuminate\\Http\\Request))
#34 /Users/sasho/Sites/nomad-partners-Greece/vendor/laravel/framework/src/Illuminate/Pipeline/Pipeline.php(183): Illuminate\\Http\\Middleware\\HandleCors->handle(Object(Illuminate\\Http\\Request), Object(Closure))
#35 /Users/sasho/Sites/nomad-partners-Greece/vendor/laravel/framework/src/Illuminate/Http/Middleware/TrustProxies.php(39): Illuminate\\Pipeline\\Pipeline->Illuminate\\Pipeline\\{closure}(Object(Illuminate\\Http\\Request))
#36 /Users/sasho/Sites/nomad-partners-Greece/vendor/laravel/framework/src/Illuminate/Pipeline/Pipeline.php(183): Illuminate\\Http\\Middleware\\TrustProxies->handle(Object(Illuminate\\Http\\Request), Object(Closure))
#37 /Users/sasho/Sites/nomad-partners-Greece/vendor/laravel/framework/src/Illuminate/Pipeline/Pipeline.php(119): Illuminate\\Pipeline\\Pipeline->Illuminate\\Pipeline\\{closure}(Object(Illuminate\\Http\\Request))
#38 /Users/sasho/Sites/nomad-partners-Greece/vendor/laravel/framework/src/Illuminate/Foundation/Http/Kernel.php(175): Illuminate\\Pipeline\\Pipeline->then(Object(Closure))
#39 /Users/sasho/Sites/nomad-partners-Greece/vendor/laravel/framework/src/Illuminate/Foundation/Http/Kernel.php(144): Illuminate\\Foundation\\Http\\Kernel->sendRequestThroughRouter(Object(Illuminate\\Http\\Request))
#40 /Users/sasho/Sites/nomad-partners-Greece/public/index.php(51): Illuminate\\Foundation\\Http\\Kernel->handle(Object(Illuminate\\Http\\Request))
#41 /Users/sasho/Sites/nomad-partners-Greece/vendor/laravel/framework/src/Illuminate/Foundation/resources/server.php(16): require_once('/Users/sasho/Si...')
#42 {main}
"} 
